{
  "RSpec": {
    "coverage": {
      "/Users/mac/jwt_push_demo/app/controllers/comments_controller.rb": {
        "lines": [
          1,
          1,
          1,
          null,
          null,
          1,
          2,
          2,
          2,
          null,
          null,
          1,
          0,
          0,
          0,
          0,
          null,
          0,
          null,
          null,
          null,
          1,
          0,
          0,
          0,
          null,
          null,
          1,
          0,
          0,
          null,
          null,
          1,
          2,
          2,
          null,
          null,
          1,
          1,
          1,
          null,
          null,
          1,
          1,
          1,
          null,
          null,
          null,
          1,
          null,
          1,
          1,
          null,
          null,
          null,
          1,
          8,
          8,
          null,
          null,
          null,
          null
        ]
      },
      "/Users/mac/jwt_push_demo/app/serializers/comment_serializer.rb": {
        "lines": [
          1,
          1,
          null,
          null,
          1,
          0,
          0,
          null,
          null,
          null,
          null,
          null,
          null,
          1,
          4,
          null,
          null,
          null,
          null,
          null
        ]
      },
      "/Users/mac/jwt_push_demo/app/controllers/likes_controller.rb": {
        "lines": [
          1,
          1,
          1,
          null,
          null,
          1,
          1,
          1,
          1,
          0,
          null,
          1,
          null,
          null,
          null,
          1,
          0,
          0,
          null,
          null,
          1,
          0,
          0,
          null,
          null,
          1,
          0,
          0,
          null,
          null,
          1,
          0,
          0,
          null,
          null,
          null,
          1,
          null,
          1,
          0,
          null,
          null,
          null,
          1,
          0,
          0,
          null,
          null,
          null,
          null,
          null,
          null,
          null
        ]
      },
      "/Users/mac/jwt_push_demo/app/controllers/posts_controller.rb": {
        "lines": [
          1,
          1,
          1,
          null,
          null,
          null,
          1,
          1,
          1,
          1,
          null,
          null,
          null,
          1,
          1,
          1,
          null,
          null,
          1,
          1,
          1,
          null,
          null,
          1,
          1,
          1,
          null,
          null,
          1,
          1,
          1,
          null,
          null,
          null,
          1,
          null,
          1,
          2,
          null,
          null,
          null,
          1,
          6,
          6,
          null,
          null
        ]
      },
      "/Users/mac/jwt_push_demo/app/serializers/post_serializer.rb": {
        "lines": [
          1,
          1,
          null,
          null,
          1,
          2,
          null,
          null,
          1,
          2,
          0,
          0,
          null,
          null,
          null,
          null,
          null,
          2,
          null,
          null,
          null,
          null,
          1,
          2,
          null,
          null,
          1,
          2,
          null,
          null,
          1,
          2,
          null,
          null
        ]
      },
      "/Users/mac/jwt_push_demo/app/controllers/users_controller.rb": {
        "lines": [
          1,
          1,
          1,
          null,
          null,
          1,
          2,
          2,
          1,
          null,
          1,
          null,
          null,
          null,
          null,
          1,
          1,
          1,
          null,
          null,
          1,
          1,
          1,
          null,
          null,
          1,
          1,
          1,
          null,
          null,
          1,
          1,
          1,
          null,
          null,
          1,
          null,
          1,
          3,
          null,
          null,
          null,
          1,
          6,
          null,
          6,
          null,
          null,
          null
        ]
      },
      "/Users/mac/jwt_push_demo/app/serializers/user_serializer.rb": {
        "lines": [
          1,
          null,
          1,
          null,
          1,
          3,
          null,
          null,
          1,
          3,
          0,
          null,
          null,
          null,
          null,
          3,
          null,
          null,
          null,
          null,
          null,
          null
        ]
      },
      "/Users/mac/jwt_push_demo/app/admin/admin_users.rb": {
        "lines": [
          0,
          0,
          null,
          0,
          0,
          0,
          0,
          0,
          0,
          0,
          0,
          0,
          null,
          0,
          0,
          0,
          0,
          null,
          0,
          0,
          0,
          0,
          0,
          0,
          0,
          0,
          null,
          0
        ],
        "branches": {
        }
      },
      "/Users/mac/jwt_push_demo/app/admin/comments.rb": {
        "lines": [
          0,
          null,
          null,
          null,
          null,
          null,
          null,
          null,
          null,
          null,
          null,
          null,
          null,
          null,
          null,
          null,
          null,
          0
        ],
        "branches": {
        }
      },
      "/Users/mac/jwt_push_demo/app/admin/dashboard.rb": {
        "lines": [
          null,
          0,
          0,
          null,
          0,
          0,
          0,
          0,
          0,
          0,
          0,
          null,
          null,
          null,
          null,
          null,
          null,
          null,
          null,
          null,
          null,
          null,
          null,
          null,
          null,
          null,
          null,
          null,
          null,
          null,
          null,
          0,
          0
        ],
        "branches": {
        }
      },
      "/Users/mac/jwt_push_demo/app/admin/likes.rb": {
        "lines": [
          0,
          null,
          null,
          null,
          null,
          null,
          null,
          null,
          null,
          null,
          null,
          null,
          null,
          null,
          null,
          null,
          null,
          0
        ],
        "branches": {
        }
      },
      "/Users/mac/jwt_push_demo/app/admin/posts.rb": {
        "lines": [
          0,
          null,
          null,
          null,
          null,
          null,
          null,
          null,
          null,
          null,
          null,
          null,
          null,
          null,
          null,
          null,
          null,
          0
        ],
        "branches": {
        }
      },
      "/Users/mac/jwt_push_demo/app/admin/users.rb": {
        "lines": [
          0,
          null,
          null,
          null,
          null,
          null,
          null,
          null,
          null,
          null,
          null,
          null,
          null,
          null,
          null,
          null,
          0
        ],
        "branches": {
        }
      },
      "/Users/mac/jwt_push_demo/app/channels/application_cable/channel.rb": {
        "lines": [
          0,
          0,
          0,
          0
        ],
        "branches": {
        }
      },
      "/Users/mac/jwt_push_demo/app/channels/application_cable/connection.rb": {
        "lines": [
          0,
          0,
          0,
          0
        ],
        "branches": {
        }
      },
      "/Users/mac/jwt_push_demo/app/controllers/application_controller.rb": {
        "lines": [
          0,
          0,
          null,
          0,
          null,
          0,
          0,
          null,
          0,
          null,
          0,
          0,
          0,
          0,
          0,
          null,
          null,
          0,
          0,
          0,
          0,
          0,
          0,
          0,
          0,
          0,
          0,
          0,
          0,
          null,
          0,
          null
        ],
        "branches": {
        }
      },
      "/Users/mac/jwt_push_demo/app/controllers/authentication_controller.rb": {
        "lines": [
          0,
          0,
          null,
          0,
          0,
          0,
          0,
          0,
          null,
          0,
          0,
          0,
          null,
          0,
          0,
          0,
          0,
          0,
          0,
          0,
          0,
          0
        ],
        "branches": {
        }
      },
      "/Users/mac/jwt_push_demo/app/controllers/concerns/jwt_token.rb": {
        "lines": [
          0,
          null,
          0,
          null,
          0,
          0,
          null,
          0,
          0,
          0,
          0,
          null,
          null,
          0,
          0,
          0,
          0,
          0
        ],
        "branches": {
        }
      },
      "/Users/mac/jwt_push_demo/app/helpers/application_helper.rb": {
        "lines": [
          0,
          0
        ],
        "branches": {
        }
      },
      "/Users/mac/jwt_push_demo/app/helpers/authentication_helper.rb": {
        "lines": [
          0,
          0
        ],
        "branches": {
        }
      },
      "/Users/mac/jwt_push_demo/app/helpers/comments_helper.rb": {
        "lines": [
          0,
          0
        ],
        "branches": {
        }
      },
      "/Users/mac/jwt_push_demo/app/helpers/likes_helper.rb": {
        "lines": [
          0,
          0
        ],
        "branches": {
        }
      },
      "/Users/mac/jwt_push_demo/app/helpers/posts_helper.rb": {
        "lines": [
          0,
          0
        ],
        "branches": {
        }
      },
      "/Users/mac/jwt_push_demo/app/helpers/users_helper.rb": {
        "lines": [
          0,
          0
        ],
        "branches": {
        }
      },
      "/Users/mac/jwt_push_demo/app/jobs/application_job.rb": {
        "lines": [
          0,
          null,
          null,
          null,
          null,
          null,
          0
        ],
        "branches": {
        }
      },
      "/Users/mac/jwt_push_demo/app/mailers/application_mailer.rb": {
        "lines": [
          0,
          0,
          0,
          0
        ],
        "branches": {
        }
      },
      "/Users/mac/jwt_push_demo/app/mailers/user_mailer.rb": {
        "lines": [
          0,
          null,
          null,
          null,
          null,
          null,
          null,
          0,
          0,
          0,
          0,
          0
        ],
        "branches": {
        }
      },
      "/Users/mac/jwt_push_demo/app/models/admin_user.rb": {
        "lines": [
          0,
          null,
          null,
          0
        ],
        "branches": {
        }
      },
      "/Users/mac/jwt_push_demo/app/models/application_record.rb": {
        "lines": [
          0,
          0,
          0
        ],
        "branches": {
        }
      },
      "/Users/mac/jwt_push_demo/app/models/comment.rb": {
        "lines": [
          0,
          0,
          0,
          0,
          0,
          0,
          0,
          null,
          null,
          0
        ],
        "branches": {
        }
      },
      "/Users/mac/jwt_push_demo/app/models/like.rb": {
        "lines": [
          0,
          0,
          0,
          0,
          null,
          0
        ],
        "branches": {
        }
      },
      "/Users/mac/jwt_push_demo/app/models/post.rb": {
        "lines": [
          0,
          0,
          0,
          0,
          0,
          null,
          null,
          0
        ],
        "branches": {
        }
      },
      "/Users/mac/jwt_push_demo/app/models/user.rb": {
        "lines": [
          0,
          0,
          0,
          0,
          0,
          0,
          0
        ],
        "branches": {
        }
      },
      "/Users/mac/jwt_push_demo/app/serializers/like_serializer.rb": {
        "lines": [
          0,
          0,
          null,
          null,
          0,
          0,
          0,
          0
        ],
        "branches": {
        }
      },
      "/Users/mac/jwt_push_demo/app/serializers/postupdate_serializer.rb": {
        "lines": [
          0,
          0,
          0
        ],
        "branches": {
        }
      },
      "/Users/mac/jwt_push_demo/app/sidekiq/print_job.rb": {
        "lines": [
          0,
          0,
          null,
          0,
          0,
          0,
          0
        ],
        "branches": {
        }
      }
    },
    "timestamp": 1681115833
  }
}
